{"C:\\Users\\embra\\triumph\\server\\src\\app.js": {"path":"C:\\Users\\embra\\triumph\\server\\src\\app.js","statementMap":{"0":{"start":{"line":1,"column":0},"end":{"line":1,"column":27}},"1":{"start":{"line":2,"column":16},"end":{"line":2,"column":34}},"2":{"start":{"line":3,"column":12},"end":{"line":3,"column":21}},"3":{"start":{"line":4,"column":13},"end":{"line":4,"column":28}},"4":{"start":{"line":5,"column":21},"end":{"line":5,"column":45}},"5":{"start":{"line":7,"column":21},"end":{"line":7,"column":66}},"6":{"start":{"line":8,"column":17},"end":{"line":8,"column":54}},"7":{"start":{"line":9,"column":19},"end":{"line":9,"column":48}},"8":{"start":{"line":10,"column":23},"end":{"line":10,"column":60}},"9":{"start":{"line":11,"column":20},"end":{"line":11,"column":51}},"10":{"start":{"line":13,"column":0},"end":{"line":13,"column":16}},"11":{"start":{"line":14,"column":0},"end":{"line":14,"column":24}},"12":{"start":{"line":15,"column":0},"end":{"line":15,"column":49}},"13":{"start":{"line":16,"column":0},"end":{"line":16,"column":24}},"14":{"start":{"line":18,"column":0},"end":{"line":18,"column":29}},"15":{"start":{"line":19,"column":0},"end":{"line":19,"column":37}},"16":{"start":{"line":20,"column":0},"end":{"line":20,"column":31}},"17":{"start":{"line":22,"column":0},"end":{"line":22,"column":18}},"18":{"start":{"line":23,"column":0},"end":{"line":23,"column":22}},"19":{"start":{"line":25,"column":0},"end":{"line":25,"column":21}}},"fnMap":{},"branchMap":{},"s":{"0":3,"1":3,"2":3,"3":3,"4":3,"5":3,"6":3,"7":3,"8":3,"9":3,"10":3,"11":3,"12":3,"13":3,"14":3,"15":3,"16":3,"17":3,"18":3,"19":3},"f":{},"b":{},"_coverageSchema":"1a1c01bbd47fc00a2c39e90264f33305004495a9","hash":"5d403aff6506179f9f1e1efbd1aebc1fa9fbb642"}
,"C:\\Users\\embra\\triumph\\server\\src\\auth\\auth.controller.js": {"path":"C:\\Users\\embra\\triumph\\server\\src\\auth\\auth.controller.js","statementMap":{"0":{"start":{"line":1,"column":12},"end":{"line":1,"column":35}},"1":{"start":{"line":3,"column":22},"end":{"line":3,"column":74}},"2":{"start":{"line":5,"column":19},"end":{"line":5,"column":43}},"3":{"start":{"line":6,"column":27},"end":{"line":6,"column":52}},"4":{"start":{"line":8,"column":20},"end":{"line":20,"column":1}},"5":{"start":{"line":9,"column":23},"end":{"line":9,"column":36}},"6":{"start":{"line":10,"column":22},"end":{"line":18,"column":3}},"7":{"start":{"line":19,"column":2},"end":{"line":19,"column":28}},"8":{"start":{"line":22,"column":0},"end":{"line":24,"column":2}}},"fnMap":{"0":{"name":"(anonymous_0)","decl":{"start":{"line":8,"column":20},"end":{"line":8,"column":21}},"loc":{"start":{"line":8,"column":34},"end":{"line":20,"column":1}},"line":8}},"branchMap":{},"s":{"0":3,"1":3,"2":3,"3":3,"4":3,"5":2,"6":2,"7":2,"8":3},"f":{"0":2},"b":{},"_coverageSchema":"1a1c01bbd47fc00a2c39e90264f33305004495a9","hash":"8cf19366538ac6cb4ee47851481fdb13ce95634c"}
,"C:\\Users\\embra\\triumph\\server\\src\\auth\\auth.router.js": {"path":"C:\\Users\\embra\\triumph\\server\\src\\auth\\auth.router.js","statementMap":{"0":{"start":{"line":1,"column":16},"end":{"line":1,"column":34}},"1":{"start":{"line":2,"column":15},"end":{"line":2,"column":31}},"2":{"start":{"line":3,"column":19},"end":{"line":3,"column":47}},"3":{"start":{"line":5,"column":0},"end":{"line":5,"column":47}},"4":{"start":{"line":7,"column":0},"end":{"line":7,"column":24}}},"fnMap":{},"branchMap":{},"s":{"0":3,"1":3,"2":3,"3":3,"4":3},"f":{},"b":{},"_coverageSchema":"1a1c01bbd47fc00a2c39e90264f33305004495a9","hash":"3c9bd5cccff3b46ff94f061ad8e871a0eaceeca8"}
,"C:\\Users\\embra\\triumph\\server\\src\\errors\\errorHandler\\errorHandler.js": {"path":"C:\\Users\\embra\\triumph\\server\\src\\errors\\errorHandler\\errorHandler.js","statementMap":{"0":{"start":{"line":1,"column":21},"end":{"line":4,"column":1}},"1":{"start":{"line":2,"column":62},"end":{"line":2,"column":67}},"2":{"start":{"line":3,"column":2},"end":{"line":3,"column":46}},"3":{"start":{"line":6,"column":0},"end":{"line":6,"column":30}}},"fnMap":{"0":{"name":"(anonymous_0)","decl":{"start":{"line":1,"column":21},"end":{"line":1,"column":22}},"loc":{"start":{"line":1,"column":48},"end":{"line":4,"column":1}},"line":1}},"branchMap":{"0":{"loc":{"start":{"line":2,"column":10},"end":{"line":2,"column":22}},"type":"default-arg","locations":[{"start":{"line":2,"column":19},"end":{"line":2,"column":22}}],"line":2},"1":{"loc":{"start":{"line":2,"column":24},"end":{"line":2,"column":57}},"type":"default-arg","locations":[{"start":{"line":2,"column":34},"end":{"line":2,"column":57}}],"line":2}},"s":{"0":3,"1":14,"2":14,"3":3},"f":{"0":14},"b":{"0":[2],"1":[0]},"_coverageSchema":"1a1c01bbd47fc00a2c39e90264f33305004495a9","hash":"65d112d1573507abb13887f82cdea164e78f5b08"}
,"C:\\Users\\embra\\triumph\\server\\src\\errors\\notFound\\notFound.js": {"path":"C:\\Users\\embra\\triumph\\server\\src\\errors\\notFound\\notFound.js","statementMap":{"0":{"start":{"line":1,"column":17},"end":{"line":6,"column":1}},"1":{"start":{"line":2,"column":2},"end":{"line":5,"column":5}},"2":{"start":{"line":8,"column":0},"end":{"line":8,"column":26}}},"fnMap":{"0":{"name":"(anonymous_0)","decl":{"start":{"line":1,"column":17},"end":{"line":1,"column":18}},"loc":{"start":{"line":1,"column":37},"end":{"line":6,"column":1}},"line":1}},"branchMap":{},"s":{"0":3,"1":0,"2":3},"f":{"0":0},"b":{},"_coverageSchema":"1a1c01bbd47fc00a2c39e90264f33305004495a9","hash":"1c57afaae5ee07254d25b76a7cd12e28d46eb4b0"}
,"C:\\Users\\embra\\triumph\\server\\src\\middleware\\hasProperties\\hasProperties.js": {"path":"C:\\Users\\embra\\triumph\\server\\src\\middleware\\hasProperties\\hasProperties.js","statementMap":{"0":{"start":{"line":1,"column":22},"end":{"line":12,"column":1}},"1":{"start":{"line":2,"column":2},"end":{"line":2,"column":56}},"2":{"start":{"line":2,"column":49},"end":{"line":2,"column":56}},"3":{"start":{"line":3,"column":2},"end":{"line":11,"column":4}},"4":{"start":{"line":4,"column":21},"end":{"line":4,"column":29}},"5":{"start":{"line":5,"column":4},"end":{"line":9,"column":7}},"6":{"start":{"line":6,"column":6},"end":{"line":8,"column":7}},"7":{"start":{"line":7,"column":8},"end":{"line":7,"column":69}},"8":{"start":{"line":10,"column":4},"end":{"line":10,"column":11}},"9":{"start":{"line":14,"column":0},"end":{"line":14,"column":31}}},"fnMap":{"0":{"name":"(anonymous_0)","decl":{"start":{"line":1,"column":22},"end":{"line":1,"column":23}},"loc":{"start":{"line":1,"column":38},"end":{"line":12,"column":1}},"line":1},"1":{"name":"(anonymous_1)","decl":{"start":{"line":3,"column":9},"end":{"line":3,"column":10}},"loc":{"start":{"line":3,"column":29},"end":{"line":11,"column":3}},"line":3},"2":{"name":"(anonymous_2)","decl":{"start":{"line":5,"column":19},"end":{"line":5,"column":20}},"loc":{"start":{"line":5,"column":33},"end":{"line":9,"column":5}},"line":5}},"branchMap":{"0":{"loc":{"start":{"line":2,"column":2},"end":{"line":2,"column":56}},"type":"if","locations":[{"start":{"line":2,"column":2},"end":{"line":2,"column":56}},{"start":{},"end":{}}],"line":2},"1":{"loc":{"start":{"line":2,"column":6},"end":{"line":2,"column":47}},"type":"binary-expr","locations":[{"start":{"line":2,"column":6},"end":{"line":2,"column":17}},{"start":{"line":2,"column":21},"end":{"line":2,"column":47}}],"line":2},"2":{"loc":{"start":{"line":6,"column":6},"end":{"line":8,"column":7}},"type":"if","locations":[{"start":{"line":6,"column":6},"end":{"line":8,"column":7}},{"start":{},"end":{}}],"line":6}},"s":{"0":4,"1":11,"2":5,"3":6,"4":19,"5":19,"6":36,"7":12,"8":17,"9":4},"f":{"0":11,"1":19,"2":36},"b":{"0":[5,6],"1":[11,8],"2":[12,22]},"_coverageSchema":"1a1c01bbd47fc00a2c39e90264f33305004495a9","hash":"32c5548167246d82ff7d21c95ce8e97101919e7c"}
,"C:\\Users\\embra\\triumph\\server\\src\\register\\register.controller.js": {"path":"C:\\Users\\embra\\triumph\\server\\src\\register\\register.controller.js","statementMap":{"0":{"start":{"line":1,"column":15},"end":{"line":1,"column":32}},"1":{"start":{"line":2,"column":22},"end":{"line":2,"column":74}},"2":{"start":{"line":4,"column":19},"end":{"line":4,"column":43}},"3":{"start":{"line":6,"column":27},"end":{"line":6,"column":52}},"4":{"start":{"line":22,"column":15},"end":{"line":32,"column":1}},"5":{"start":{"line":23,"column":33},"end":{"line":23,"column":46}},"6":{"start":{"line":24,"column":25},"end":{"line":24,"column":56}},"7":{"start":{"line":25,"column":18},"end":{"line":29,"column":3}},"8":{"start":{"line":31,"column":2},"end":{"line":31,"column":42}},"9":{"start":{"line":34,"column":0},"end":{"line":36,"column":2}}},"fnMap":{"0":{"name":"(anonymous_0)","decl":{"start":{"line":22,"column":15},"end":{"line":22,"column":16}},"loc":{"start":{"line":22,"column":35},"end":{"line":32,"column":1}},"line":22}},"branchMap":{},"s":{"0":3,"1":3,"2":3,"3":3,"4":3,"5":3,"6":3,"7":3,"8":3,"9":3},"f":{"0":3},"b":{},"_coverageSchema":"1a1c01bbd47fc00a2c39e90264f33305004495a9","hash":"3df7f237c36c1fdb704afb2d40f63de8641232f2"}
,"C:\\Users\\embra\\triumph\\server\\src\\register\\register.router.js": {"path":"C:\\Users\\embra\\triumph\\server\\src\\register\\register.router.js","statementMap":{"0":{"start":{"line":1,"column":16},"end":{"line":1,"column":34}},"1":{"start":{"line":2,"column":15},"end":{"line":2,"column":31}},"2":{"start":{"line":3,"column":19},"end":{"line":3,"column":51}},"3":{"start":{"line":5,"column":0},"end":{"line":5,"column":42}},"4":{"start":{"line":7,"column":0},"end":{"line":7,"column":24}}},"fnMap":{},"branchMap":{},"s":{"0":3,"1":3,"2":3,"3":3,"4":3},"f":{},"b":{},"_coverageSchema":"1a1c01bbd47fc00a2c39e90264f33305004495a9","hash":"a16fbd1ae1a2d2948dacc4c21bbf1113b9a93f9f"}
,"C:\\Users\\embra\\triumph\\server\\src\\users\\users.controller.js": {"path":"C:\\Users\\embra\\triumph\\server\\src\\users\\users.controller.js","statementMap":{"0":{"start":{"line":1,"column":14},"end":{"line":1,"column":41}},"1":{"start":{"line":3,"column":13},"end":{"line":5,"column":1}},"2":{"start":{"line":4,"column":2},"end":{"line":4,"column":40}},"3":{"start":{"line":7,"column":0},"end":{"line":9,"column":2}}},"fnMap":{"0":{"name":"(anonymous_0)","decl":{"start":{"line":3,"column":13},"end":{"line":3,"column":14}},"loc":{"start":{"line":3,"column":27},"end":{"line":5,"column":1}},"line":3}},"branchMap":{},"s":{"0":3,"1":3,"2":1,"3":3},"f":{"0":1},"b":{},"_coverageSchema":"1a1c01bbd47fc00a2c39e90264f33305004495a9","hash":"bc1ba0504cf5ba8b404fe65a29d861aa99b7d7cc"}
,"C:\\Users\\embra\\triumph\\server\\src\\users\\users.router.js": {"path":"C:\\Users\\embra\\triumph\\server\\src\\users\\users.router.js","statementMap":{"0":{"start":{"line":1,"column":16},"end":{"line":1,"column":34}},"1":{"start":{"line":2,"column":15},"end":{"line":2,"column":31}},"2":{"start":{"line":3,"column":19},"end":{"line":3,"column":48}},"3":{"start":{"line":5,"column":0},"end":{"line":5,"column":43}},"4":{"start":{"line":7,"column":0},"end":{"line":7,"column":24}}},"fnMap":{},"branchMap":{},"s":{"0":3,"1":3,"2":3,"3":3,"4":3},"f":{},"b":{},"_coverageSchema":"1a1c01bbd47fc00a2c39e90264f33305004495a9","hash":"48ded991df7d0947619889ba02ead8f73f8bbc6a"}
}
