{"C:\\Users\\embra\\triumph\\server\\src\\app.js": {"path":"C:\\Users\\embra\\triumph\\server\\src\\app.js","statementMap":{"0":{"start":{"line":1,"column":16},"end":{"line":1,"column":34}},"1":{"start":{"line":2,"column":12},"end":{"line":2,"column":21}},"2":{"start":{"line":4,"column":21},"end":{"line":4,"column":53}},"3":{"start":{"line":5,"column":17},"end":{"line":5,"column":45}},"4":{"start":{"line":6,"column":23},"end":{"line":6,"column":60}},"5":{"start":{"line":8,"column":0},"end":{"line":8,"column":24}},"6":{"start":{"line":9,"column":0},"end":{"line":9,"column":49}},"7":{"start":{"line":11,"column":0},"end":{"line":11,"column":37}},"8":{"start":{"line":13,"column":0},"end":{"line":13,"column":18}},"9":{"start":{"line":14,"column":0},"end":{"line":14,"column":22}},"10":{"start":{"line":16,"column":0},"end":{"line":16,"column":21}}},"fnMap":{},"branchMap":{},"s":{"0":1,"1":1,"2":1,"3":1,"4":1,"5":1,"6":1,"7":1,"8":1,"9":1,"10":1},"f":{},"b":{},"_coverageSchema":"1a1c01bbd47fc00a2c39e90264f33305004495a9","hash":"1ab0789bb2e2e440b5dedaff4e9b427f97bf17fd"}
,"C:\\Users\\embra\\triumph\\server\\src\\errors\\errorHandler.js": {"path":"C:\\Users\\embra\\triumph\\server\\src\\errors\\errorHandler.js","statementMap":{"0":{"start":{"line":1,"column":21},"end":{"line":4,"column":1}},"1":{"start":{"line":2,"column":62},"end":{"line":2,"column":67}},"2":{"start":{"line":3,"column":2},"end":{"line":3,"column":46}},"3":{"start":{"line":6,"column":0},"end":{"line":6,"column":30}}},"fnMap":{"0":{"name":"(anonymous_0)","decl":{"start":{"line":1,"column":21},"end":{"line":1,"column":22}},"loc":{"start":{"line":1,"column":48},"end":{"line":4,"column":1}},"line":1}},"branchMap":{"0":{"loc":{"start":{"line":2,"column":10},"end":{"line":2,"column":22}},"type":"default-arg","locations":[{"start":{"line":2,"column":19},"end":{"line":2,"column":22}}],"line":2},"1":{"loc":{"start":{"line":2,"column":24},"end":{"line":2,"column":57}},"type":"default-arg","locations":[{"start":{"line":2,"column":34},"end":{"line":2,"column":57}}],"line":2}},"s":{"0":1,"1":5,"2":5,"3":1},"f":{"0":5},"b":{"0":[0],"1":[0]},"_coverageSchema":"1a1c01bbd47fc00a2c39e90264f33305004495a9","hash":"c80845c1b59ddd1e03a88de953ce3dead705728a"}
,"C:\\Users\\embra\\triumph\\server\\src\\errors\\notFound.js": {"path":"C:\\Users\\embra\\triumph\\server\\src\\errors\\notFound.js","statementMap":{"0":{"start":{"line":1,"column":17},"end":{"line":6,"column":1}},"1":{"start":{"line":2,"column":2},"end":{"line":5,"column":5}},"2":{"start":{"line":8,"column":0},"end":{"line":8,"column":26}}},"fnMap":{"0":{"name":"(anonymous_0)","decl":{"start":{"line":1,"column":17},"end":{"line":1,"column":18}},"loc":{"start":{"line":1,"column":37},"end":{"line":6,"column":1}},"line":1}},"branchMap":{},"s":{"0":1,"1":1,"2":1},"f":{"0":1},"b":{},"_coverageSchema":"1a1c01bbd47fc00a2c39e90264f33305004495a9","hash":"f206f050045b2ee236f7dd1572c726a0b172e672"}
,"C:\\Users\\embra\\triumph\\server\\src\\register\\register.controller.js": {"path":"C:\\Users\\embra\\triumph\\server\\src\\register\\register.controller.js","statementMap":{"0":{"start":{"line":1,"column":15},"end":{"line":1,"column":32}},"1":{"start":{"line":3,"column":28},"end":{"line":13,"column":1}},"2":{"start":{"line":4,"column":33},"end":{"line":4,"column":46}},"3":{"start":{"line":6,"column":2},"end":{"line":11,"column":3}},"4":{"start":{"line":7,"column":4},"end":{"line":10,"column":7}},"5":{"start":{"line":12,"column":2},"end":{"line":12,"column":9}},"6":{"start":{"line":15,"column":15},"end":{"line":23,"column":1}},"7":{"start":{"line":16,"column":33},"end":{"line":16,"column":46}},"8":{"start":{"line":17,"column":25},"end":{"line":17,"column":56}},"9":{"start":{"line":18,"column":18},"end":{"line":21,"column":3}},"10":{"start":{"line":22,"column":2},"end":{"line":22,"column":42}},"11":{"start":{"line":25,"column":0},"end":{"line":27,"column":2}}},"fnMap":{"0":{"name":"(anonymous_0)","decl":{"start":{"line":3,"column":28},"end":{"line":3,"column":29}},"loc":{"start":{"line":3,"column":48},"end":{"line":13,"column":1}},"line":3},"1":{"name":"(anonymous_1)","decl":{"start":{"line":15,"column":15},"end":{"line":15,"column":16}},"loc":{"start":{"line":15,"column":35},"end":{"line":23,"column":1}},"line":15}},"branchMap":{"0":{"loc":{"start":{"line":6,"column":2},"end":{"line":11,"column":3}},"type":"if","locations":[{"start":{"line":6,"column":2},"end":{"line":11,"column":3}},{"start":{},"end":{}}],"line":6},"1":{"loc":{"start":{"line":6,"column":6},"end":{"line":6,"column":28}},"type":"binary-expr","locations":[{"start":{"line":6,"column":6},"end":{"line":6,"column":15}},{"start":{"line":6,"column":19},"end":{"line":6,"column":28}}],"line":6}},"s":{"0":1,"1":1,"2":5,"3":5,"4":4,"5":5,"6":1,"7":1,"8":1,"9":1,"10":1,"11":1},"f":{"0":5,"1":1},"b":{"0":[4,1],"1":[5,3]},"_coverageSchema":"1a1c01bbd47fc00a2c39e90264f33305004495a9","hash":"0e7fb903fcdb7a77ca5b0c435a60efaddb432919"}
,"C:\\Users\\embra\\triumph\\server\\src\\register\\register.router.js": {"path":"C:\\Users\\embra\\triumph\\server\\src\\register\\register.router.js","statementMap":{"0":{"start":{"line":1,"column":16},"end":{"line":1,"column":34}},"1":{"start":{"line":2,"column":15},"end":{"line":2,"column":31}},"2":{"start":{"line":3,"column":19},"end":{"line":3,"column":51}},"3":{"start":{"line":5,"column":0},"end":{"line":5,"column":42}},"4":{"start":{"line":7,"column":0},"end":{"line":7,"column":24}}},"fnMap":{},"branchMap":{},"s":{"0":1,"1":1,"2":1,"3":1,"4":1},"f":{},"b":{},"_coverageSchema":"1a1c01bbd47fc00a2c39e90264f33305004495a9","hash":"a16fbd1ae1a2d2948dacc4c21bbf1113b9a93f9f"}
}
