TN:
SF:src\app.js
FNF:0
FNH:0
DA:1,3
DA:2,3
DA:3,3
DA:4,3
DA:5,3
DA:7,3
DA:8,3
DA:9,3
DA:10,3
DA:11,3
DA:13,3
DA:14,3
DA:15,3
DA:16,3
DA:18,3
DA:19,3
DA:20,3
DA:22,3
DA:23,3
DA:25,3
LF:20
LH:20
BRF:0
BRH:0
end_of_record
TN:
SF:src\auth\auth.controller.js
FN:8,(anonymous_0)
FNF:1
FNH:1
FNDA:1,(anonymous_0)
DA:1,3
DA:3,3
DA:5,3
DA:6,3
DA:8,3
DA:9,1
DA:10,1
DA:19,1
DA:22,3
LF:9
LH:9
BRF:0
BRH:0
end_of_record
TN:
SF:src\auth\auth.router.js
FNF:0
FNH:0
DA:1,3
DA:2,3
DA:3,3
DA:5,3
DA:7,3
LF:5
LH:5
BRF:0
BRH:0
end_of_record
TN:
SF:src\errors\errorHandler.js
FN:1,(anonymous_0)
FNF:1
FNH:1
FNDA:8,(anonymous_0)
DA:1,3
DA:2,8
DA:3,8
DA:6,3
LF:4
LH:4
BRDA:2,0,0,0
BRDA:2,1,0,0
BRF:2
BRH:0
end_of_record
TN:
SF:src\errors\notFound.js
FN:1,(anonymous_0)
FNF:1
FNH:1
FNDA:2,(anonymous_0)
DA:1,3
DA:2,2
DA:8,3
LF:3
LH:3
BRF:0
BRH:0
end_of_record
TN:
SF:src\middleware\hasProperties.js
FN:1,(anonymous_0)
FN:2,(anonymous_1)
FN:4,(anonymous_2)
FNF:3
FNH:3
FNDA:6,(anonymous_0)
FNDA:8,(anonymous_1)
FNDA:16,(anonymous_2)
DA:1,3
DA:2,6
DA:3,8
DA:4,8
DA:5,16
DA:6,6
DA:9,8
DA:13,3
LF:8
LH:8
BRDA:5,0,0,6
BRDA:5,0,1,10
BRF:2
BRH:2
end_of_record
TN:
SF:src\register\register.controller.js
FN:8,(anonymous_0)
FNF:1
FNH:1
FNDA:1,(anonymous_0)
DA:1,3
DA:2,3
DA:4,3
DA:6,3
DA:8,3
DA:9,1
DA:10,1
DA:11,1
DA:15,1
DA:18,3
LF:10
LH:10
BRF:0
BRH:0
end_of_record
TN:
SF:src\register\register.router.js
FNF:0
FNH:0
DA:1,3
DA:2,3
DA:3,3
DA:5,3
DA:7,3
LF:5
LH:5
BRF:0
BRH:0
end_of_record
TN:
SF:src\users\users.controller.js
FN:3,(anonymous_0)
FNF:1
FNH:1
FNDA:1,(anonymous_0)
DA:1,3
DA:3,3
DA:4,1
DA:7,3
LF:4
LH:4
BRF:0
BRH:0
end_of_record
TN:
SF:src\users\users.router.js
FNF:0
FNH:0
DA:1,3
DA:2,3
DA:3,3
DA:5,3
DA:7,3
LF:5
LH:5
BRF:0
BRH:0
end_of_record
